2020-05-14 16:55:13,215 INFO: tutor-quiz startup [in /mnt/c/Users/Julius/Documents/tutor-quiz/app/__init__.py:57]
2020-05-24 22:43:17,262 INFO: tutor-quiz startup [in /mnt/c/Users/Julius/Documents/tutor-quiz/app/__init__.py:57]
2020-05-24 22:46:46,451 ERROR: Exception on /request-student [POST] [in /home/julius/.local/lib/python3.8/site-packages/flask/app.py:1891]
Traceback (most recent call last):
  File "/home/julius/.local/lib/python3.8/site-packages/flask/app.py", line 2447, in wsgi_app
    response = self.full_dispatch_request()
  File "/home/julius/.local/lib/python3.8/site-packages/flask/app.py", line 1952, in full_dispatch_request
    rv = self.handle_user_exception(e)
  File "/home/julius/.local/lib/python3.8/site-packages/flask/app.py", line 1821, in handle_user_exception
    reraise(exc_type, exc_value, tb)
  File "/home/julius/.local/lib/python3.8/site-packages/flask/_compat.py", line 39, in reraise
    raise value
  File "/home/julius/.local/lib/python3.8/site-packages/flask/app.py", line 1950, in full_dispatch_request
    rv = self.dispatch_request()
  File "/home/julius/.local/lib/python3.8/site-packages/flask/app.py", line 1936, in dispatch_request
    return self.view_functions[rule.endpoint](**req.view_args)
  File "/mnt/c/Users/Julius/Documents/tutor-quiz/app/routes.py", line 172, in request_student
    if form.validate_on_submit():
  File "/home/julius/.local/lib/python3.8/site-packages/flask_wtf/form.py", line 100, in validate_on_submit
    return self.is_submitted() and self.validate()
  File "/home/julius/.local/lib/python3.8/site-packages/wtforms/form.py", line 318, in validate
    return super(Form, self).validate(extra)
  File "/home/julius/.local/lib/python3.8/site-packages/wtforms/form.py", line 150, in validate
    if not field.validate(self, extra):
  File "/home/julius/.local/lib/python3.8/site-packages/wtforms/fields/core.py", line 226, in validate
    stop_validation = self._run_validation_chain(form, chain)
  File "/home/julius/.local/lib/python3.8/site-packages/wtforms/fields/core.py", line 246, in _run_validation_chain
    validator(form, self)
  File "/mnt/c/Users/Julius/Documents/tutor-quiz/app/forms.py", line 82, in validate_student
    existingRequest = Request.query.filter_by(tutorId=tutorId, studentId=studentId).first().request
AttributeError: 'NoneType' object has no attribute 'request'
